<?xml version="1.0" encoding="UTF-8"?>
<!-- Generated by org.testng.reporters.JUnitReportReporter -->
<testsuite hostname="AjVivoBook" failures="0" tests="2" name="testPackage.SecondTest" time="0.001" errors="0" timestamp="2023-02-21T19:47:48 IST" skipped="0">
  <testcase classname="testPackage.SecondTest" name="m3" time="0.001"/>
  <system-out/>
  <testcase classname="testPackage.SecondTest" name="m4" time="0.000"/>
  <system-out/>
</testsuite> <!-- testPackage.SecondTest -->
