<?xml version="1.0" encoding="UTF-8"?>
<!-- Generated by org.testng.reporters.JUnitReportReporter -->
<testsuite hostname="AjVivoBook" failures="0" tests="2" name="testPackage.FirstTest" time="0.007" errors="0" timestamp="2023-02-21T19:47:48 IST" skipped="0">
  <testcase classname="testPackage.FirstTest" name="m1" time="0.006"/>
  <system-out/>
  <testcase classname="testPackage.FirstTest" name="m2" time="0.001"/>
  <system-out/>
</testsuite> <!-- testPackage.FirstTest -->
